2026-03-15 03:41:44 - --- Starting New Email Transaction to asthachandrikapure@gmail.com ---
2026-03-15 03:41:45 - S: 220 smtp.gmail.com ESMTP d9443c01a7336-2aece8098ecsm77104765ad.64 - gsmtp
2026-03-15 03:41:45 - C: EHLO 
2026-03-15 03:41:45 - S: 501-5.5.4 Empty HELO/EHLO argument not allowed, closing connection.
501 5.5.4  https://support.google.com/mail/?p=helo d9443c01a7336-2aece8098ecsm77104765ad.64 - gsmtp
2026-03-15 03:41:45 - C: STARTTLS
2026-03-15 03:41:45 - S: 
2026-03-15 03:41:46 - ERROR: Failed to start encryption. Is OpenSSL enabled?
2026-03-15 03:42:36 - --- Starting New Email Transaction to asthachandrikapure@gmail.com ---
2026-03-15 03:42:36 - S: 220 smtp.gmail.com ESMTP 98e67ed59e1d1-35b929558d1sm659723a91.4 - gsmtp
2026-03-15 03:42:36 - C: EHLO localhost
2026-03-15 03:42:36 - S: 250-smtp.gmail.com at your service, [2409:4090:2030:5a06:61fc:ec12:bf00:ac97]
250-SIZE 35882577
250-8BITMIME
250-STARTTLS
250-ENHANCEDSTATUSCODES
250-PIPELINING
250-CHUNKING
250 SMTPUTF8
2026-03-15 03:42:36 - C: STARTTLS
2026-03-15 03:42:37 - S: 220 2.0.0 Ready to start TLS
2026-03-15 03:42:37 - C: EHLO localhost
2026-03-15 03:42:38 - S: 250-smtp.gmail.com at your service, [2409:4090:2030:5a06:61fc:ec12:bf00:ac97]
250-SIZE 35882577
250-8BITMIME
250-AUTH LOGIN PLAIN XOAUTH2 PLAIN-CLIENTTOKEN OAUTHBEARER XOAUTH
250-ENHANCEDSTATUSCODES
250-PIPELINING
250-CHUNKING
250 SMTPUTF8
2026-03-15 03:42:38 - C: [REDACTED]
2026-03-15 03:42:38 - S: 334 VXNlcm5hbWU6
2026-03-15 03:42:38 - C: cmFtdGVrZXJ1Y2hpOTkxQGdtYWlsLmNvbQ==
2026-03-15 03:42:38 - S: 334 UGFzc3dvcmQ6
2026-03-15 03:42:38 - C: cHJhcnVjaGlAMDk4Nw==
2026-03-15 03:42:39 - S: 535-5.7.8 Username and Password not accepted. For more information, go to
535 5.7.8  https://support.google.com/mail/?p=BadCredentials 98e67ed59e1d1-35b929558d1sm659723a91.4 - gsmtp
2026-03-15 03:42:39 - ERROR: Authentication failed: 535-5.7.8 Username and Password not accepted. For more information, go to
535 5.7.8  https://support.google.com/mail/?p=BadCredentials 98e67ed59e1d1-35b929558d1sm659723a91.4 - gsmtp

2026-03-15 03:52:42 - --- Starting New Email Transaction to chandrikapureastha@gmail.com ---
2026-03-15 03:52:43 - S: 220 smtp.gmail.com ESMTP 41be03b00d2f7-c73eb9966d9sm5371482a12.11 - gsmtp
2026-03-15 03:52:43 - C: EHLO localhost
2026-03-15 03:52:43 - S: 250-smtp.gmail.com at your service, [2409:4090:2030:5a06:61fc:ec12:bf00:ac97]
250-SIZE 35882577
250-8BITMIME
250-STARTTLS
250-ENHANCEDSTATUSCODES
250-PIPELINING
250-CHUNKING
250 SMTPUTF8
2026-03-15 03:52:43 - C: STARTTLS
2026-03-15 03:52:43 - S: 220 2.0.0 Ready to start TLS
2026-03-15 03:52:44 - C: EHLO localhost
2026-03-15 03:52:44 - S: 250-smtp.gmail.com at your service, [2409:4090:2030:5a06:61fc:ec12:bf00:ac97]
250-SIZE 35882577
250-8BITMIME
250-AUTH LOGIN PLAIN XOAUTH2 PLAIN-CLIENTTOKEN OAUTHBEARER XOAUTH
250-ENHANCEDSTATUSCODES
250-PIPELINING
250-CHUNKING
250 SMTPUTF8
2026-03-15 03:52:44 - C: [REDACTED]
2026-03-15 03:52:45 - S: 334 VXNlcm5hbWU6
2026-03-15 03:52:45 - C: YXN0aGFjaGFuZHJpa2FwdXJlQGdtYWlsLmNvbQ==
2026-03-15 03:52:45 - S: 334 UGFzc3dvcmQ6
2026-03-15 03:52:45 - C: ZXpuamtweXB1Z3Fmcmdjcg==
2026-03-15 03:52:45 - S: 235 2.7.0 Accepted
2026-03-15 03:52:45 - C: MAIL FROM: <asthachandrikapure@gmail.com>
2026-03-15 03:52:45 - S: 250 2.1.0 OK 41be03b00d2f7-c73eb9966d9sm5371482a12.11 - gsmtp
2026-03-15 03:52:45 - C: RCPT TO: <chandrikapureastha@gmail.com>
2026-03-15 03:52:46 - S: 250 2.1.5 OK 41be03b00d2f7-c73eb9966d9sm5371482a12.11 - gsmtp
2026-03-15 03:52:46 - C: DATA
2026-03-15 03:52:46 - S: 354 Go ahead 41be03b00d2f7-c73eb9966d9sm5371482a12.11 - gsmtp
2026-03-15 03:52:46 - C: [REDACTED]
2026-03-15 03:52:47 - S: 250 2.0.0 OK  1773543167 41be03b00d2f7-c73eb9966d9sm5371482a12.11 - gsmtp
2026-03-15 03:52:47 - C: QUIT
2026-03-15 03:52:47 - S: 221 2.0.0 closing connection 41be03b00d2f7-c73eb9966d9sm5371482a12.11 - gsmtp
2026-03-15 03:52:47 - --- Email Transaction Finished Successfully ---
2026-03-15 03:54:40 - --- Starting New Email Transaction to vaishnaviwagare417@gmail.com ---
2026-03-15 03:54:40 - S: 220 smtp.gmail.com ESMTP d9443c01a7336-2aece62c581sm86395175ad.33 - gsmtp
2026-03-15 03:54:40 - C: EHLO localhost
2026-03-15 03:54:40 - S: 250-smtp.gmail.com at your service, [2409:4090:2030:5a06:61fc:ec12:bf00:ac97]
250-SIZE 35882577
250-8BITMIME
250-STARTTLS
250-ENHANCEDSTATUSCODES
250-PIPELINING
250-CHUNKING
250 SMTPUTF8
2026-03-15 03:54:40 - C: STARTTLS
2026-03-15 03:54:41 - S: 220 2.0.0 Ready to start TLS
2026-03-15 03:54:41 - C: EHLO localhost
2026-03-15 03:54:41 - S: 250-smtp.gmail.com at your service, [2409:4090:2030:5a06:61fc:ec12:bf00:ac97]
250-SIZE 35882577
250-8BITMIME
250-AUTH LOGIN PLAIN XOAUTH2 PLAIN-CLIENTTOKEN OAUTHBEARER XOAUTH
250-ENHANCEDSTATUSCODES
250-PIPELINING
250-CHUNKING
250 SMTPUTF8
2026-03-15 03:54:41 - C: [REDACTED]
2026-03-15 03:54:42 - S: 334 VXNlcm5hbWU6
2026-03-15 03:54:42 - C: YXN0aGFjaGFuZHJpa2FwdXJlQGdtYWlsLmNvbQ==
2026-03-15 03:54:42 - S: 334 UGFzc3dvcmQ6
2026-03-15 03:54:42 - C: ZXpuamtweXB1Z3Fmcmdjcg==
2026-03-15 03:54:42 - S: 235 2.7.0 Accepted
2026-03-15 03:54:42 - C: MAIL FROM: <asthachandrikapure@gmail.com>
2026-03-15 03:54:43 - S: 250 2.1.0 OK d9443c01a7336-2aece62c581sm86395175ad.33 - gsmtp
2026-03-15 03:54:43 - C: RCPT TO: <vaishnaviwagare417@gmail.com>
2026-03-15 03:54:43 - S: 250 2.1.5 OK d9443c01a7336-2aece62c581sm86395175ad.33 - gsmtp
2026-03-15 03:54:43 - C: DATA
2026-03-15 03:54:43 - S: 354 Go ahead d9443c01a7336-2aece62c581sm86395175ad.33 - gsmtp
2026-03-15 03:54:43 - C: [REDACTED]
2026-03-15 03:54:44 - S: 250 2.0.0 OK  1773543284 d9443c01a7336-2aece62c581sm86395175ad.33 - gsmtp
2026-03-15 03:54:44 - C: QUIT
2026-03-15 03:54:44 - S: 221 2.0.0 closing connection d9443c01a7336-2aece62c581sm86395175ad.33 - gsmtp
2026-03-15 03:54:44 - --- Email Transaction Finished Successfully ---
2026-03-15 03:55:52 - [ROUTING] To: vaishnaviwagare417@gmail.com | College: Engineering
2026-03-15 03:55:52 - --- Starting New Email Transaction to vaishnaviwagare417@gmail.com ---
2026-03-15 03:55:52 - S: 220 smtp.gmail.com ESMTP d2e1a72fcca58-82a0725facbsm9716872b3a.20 - gsmtp
2026-03-15 03:55:52 - C: EHLO localhost
2026-03-15 03:55:52 - S: 250-smtp.gmail.com at your service, [2409:4090:2030:5a06:61fc:ec12:bf00:ac97]
250-SIZE 35882577
250-8BITMIME
250-STARTTLS
250-ENHANCEDSTATUSCODES
250-PIPELINING
250-CHUNKING
250 SMTPUTF8
2026-03-15 03:55:52 - C: STARTTLS
2026-03-15 03:55:53 - S: 220 2.0.0 Ready to start TLS
2026-03-15 03:55:53 - C: EHLO localhost
2026-03-15 03:55:54 - S: 250-smtp.gmail.com at your service, [2409:4090:2030:5a06:61fc:ec12:bf00:ac97]
250-SIZE 35882577
250-8BITMIME
250-AUTH LOGIN PLAIN XOAUTH2 PLAIN-CLIENTTOKEN OAUTHBEARER XOAUTH
250-ENHANCEDSTATUSCODES
250-PIPELINING
250-CHUNKING
250 SMTPUTF8
2026-03-15 03:55:54 - C: [REDACTED]
2026-03-15 03:55:54 - S: 334 VXNlcm5hbWU6
2026-03-15 03:55:54 - C: YXN0aGFjaGFuZHJpa2FwdXJlQGdtYWlsLmNvbQ==
2026-03-15 03:55:54 - S: 334 UGFzc3dvcmQ6
2026-03-15 03:55:54 - C: ZXpuamtweXB1Z3Fmcmdjcg==
2026-03-15 03:55:54 - S: 235 2.7.0 Accepted
2026-03-15 03:55:54 - C: MAIL FROM: <asthachandrikapure@gmail.com>
2026-03-15 03:55:55 - S: 250 2.1.0 OK d2e1a72fcca58-82a0725facbsm9716872b3a.20 - gsmtp
2026-03-15 03:55:55 - C: RCPT TO: <vaishnaviwagare417@gmail.com>
2026-03-15 03:55:55 - S: 250 2.1.5 OK d2e1a72fcca58-82a0725facbsm9716872b3a.20 - gsmtp
2026-03-15 03:55:55 - C: DATA
2026-03-15 03:55:55 - S: 354 Go ahead d2e1a72fcca58-82a0725facbsm9716872b3a.20 - gsmtp
2026-03-15 03:55:55 - C: [REDACTED]
2026-03-15 03:55:56 - S: 250 2.0.0 OK  1773543356 d2e1a72fcca58-82a0725facbsm9716872b3a.20 - gsmtp
2026-03-15 03:55:56 - C: QUIT
2026-03-15 03:55:56 - S: 221 2.0.0 closing connection d2e1a72fcca58-82a0725facbsm9716872b3a.20 - gsmtp
2026-03-15 03:55:56 - --- Email Transaction Finished Successfully ---
2026-03-15 03:58:40 - [ROUTING] To: chandrikapureastha@gmail.com | College: Polytechnic College
2026-03-15 03:58:40 - --- Starting New Email Transaction to chandrikapureastha@gmail.com ---
2026-03-15 03:58:40 - S: 220 smtp.gmail.com ESMTP 98e67ed59e1d1-35a07f0a365sm12051207a91.13 - gsmtp
2026-03-15 03:58:40 - C: EHLO localhost
2026-03-15 03:58:40 - S: 250-smtp.gmail.com at your service, [2409:4090:2030:5a06:61fc:ec12:bf00:ac97]
250-SIZE 35882577
250-8BITMIME
250-STARTTLS
250-ENHANCEDSTATUSCODES
250-PIPELINING
250-CHUNKING
250 SMTPUTF8
2026-03-15 03:58:40 - C: STARTTLS
2026-03-15 03:58:40 - S: 220 2.0.0 Ready to start TLS
2026-03-15 03:58:42 - C: EHLO localhost
2026-03-15 03:58:42 - S: 250-smtp.gmail.com at your service, [2409:4090:2030:5a06:61fc:ec12:bf00:ac97]
250-SIZE 35882577
250-8BITMIME
250-AUTH LOGIN PLAIN XOAUTH2 PLAIN-CLIENTTOKEN OAUTHBEARER XOAUTH
250-ENHANCEDSTATUSCODES
250-PIPELINING
250-CHUNKING
250 SMTPUTF8
2026-03-15 03:58:42 - C: [REDACTED]
2026-03-15 03:58:42 - S: 334 VXNlcm5hbWU6
2026-03-15 03:58:42 - C: YXN0aGFjaGFuZHJpa2FwdXJlQGdtYWlsLmNvbQ==
2026-03-15 03:58:42 - S: 334 UGFzc3dvcmQ6
2026-03-15 03:58:42 - C: ZXpuamtweXB1Z3Fmcmdjcg==
2026-03-15 03:58:43 - S: 235 2.7.0 Accepted
2026-03-15 03:58:43 - C: MAIL FROM: <asthachandrikapure@gmail.com>
2026-03-15 03:58:43 - S: 250 2.1.0 OK 98e67ed59e1d1-35a07f0a365sm12051207a91.13 - gsmtp
2026-03-15 03:58:43 - C: RCPT TO: <chandrikapureastha@gmail.com>
2026-03-15 03:58:43 - S: 250 2.1.5 OK 98e67ed59e1d1-35a07f0a365sm12051207a91.13 - gsmtp
2026-03-15 03:58:43 - C: DATA
2026-03-15 03:58:44 - S: 354 Go ahead 98e67ed59e1d1-35a07f0a365sm12051207a91.13 - gsmtp
2026-03-15 03:58:44 - C: [REDACTED]
2026-03-15 03:58:45 - S: 250 2.0.0 OK  1773543524 98e67ed59e1d1-35a07f0a365sm12051207a91.13 - gsmtp
2026-03-15 03:58:45 - C: QUIT
2026-03-15 03:58:45 - S: 221 2.0.0 closing connection 98e67ed59e1d1-35a07f0a365sm12051207a91.13 - gsmtp
2026-03-15 03:58:45 - --- Email Transaction Finished Successfully ---
2026-03-15 03:58:59 - [ROUTING] To: chandrikapureastha@gmail.com | College: Polytechnic College
2026-03-15 03:58:59 - --- Starting New Email Transaction to chandrikapureastha@gmail.com ---
2026-03-15 03:58:59 - S: 220 smtp.gmail.com ESMTP 98e67ed59e1d1-35b95208a1fsm369675a91.6 - gsmtp
2026-03-15 03:58:59 - C: EHLO localhost
2026-03-15 03:58:59 - S: 250-smtp.gmail.com at your service, [2409:4090:2030:5a06:61fc:ec12:bf00:ac97]
250-SIZE 35882577
250-8BITMIME
250-STARTTLS
250-ENHANCEDSTATUSCODES
250-PIPELINING
250-CHUNKING
250 SMTPUTF8
2026-03-15 03:58:59 - C: STARTTLS
2026-03-15 03:59:00 - S: 220 2.0.0 Ready to start TLS
2026-03-15 03:59:01 - C: EHLO localhost
2026-03-15 03:59:01 - S: 250-smtp.gmail.com at your service, [2409:4090:2030:5a06:61fc:ec12:bf00:ac97]
250-SIZE 35882577
250-8BITMIME
250-AUTH LOGIN PLAIN XOAUTH2 PLAIN-CLIENTTOKEN OAUTHBEARER XOAUTH
250-ENHANCEDSTATUSCODES
250-PIPELINING
250-CHUNKING
250 SMTPUTF8
2026-03-15 03:59:01 - C: [REDACTED]
2026-03-15 03:59:01 - S: 334 VXNlcm5hbWU6
2026-03-15 03:59:01 - C: YXN0aGFjaGFuZHJpa2FwdXJlQGdtYWlsLmNvbQ==
2026-03-15 03:59:02 - S: 334 UGFzc3dvcmQ6
2026-03-15 03:59:02 - C: ZXpuamtweXB1Z3Fmcmdjcg==
2026-03-15 03:59:02 - S: 235 2.7.0 Accepted
2026-03-15 03:59:02 - C: MAIL FROM: <asthachandrikapure@gmail.com>
2026-03-15 03:59:02 - S: 250 2.1.0 OK 98e67ed59e1d1-35b95208a1fsm369675a91.6 - gsmtp
2026-03-15 03:59:02 - C: RCPT TO: <chandrikapureastha@gmail.com>
2026-03-15 03:59:03 - S: 250 2.1.5 OK 98e67ed59e1d1-35b95208a1fsm369675a91.6 - gsmtp
2026-03-15 03:59:03 - C: DATA
2026-03-15 03:59:03 - S: 354 Go ahead 98e67ed59e1d1-35b95208a1fsm369675a91.6 - gsmtp
2026-03-15 03:59:03 - C: [REDACTED]
2026-03-15 03:59:04 - S: 250 2.0.0 OK  1773543544 98e67ed59e1d1-35b95208a1fsm369675a91.6 - gsmtp
2026-03-15 03:59:04 - C: QUIT
2026-03-15 03:59:04 - S: 221 2.0.0 closing connection 98e67ed59e1d1-35b95208a1fsm369675a91.6 - gsmtp
2026-03-15 03:59:04 - --- Email Transaction Finished Successfully ---
2026-03-15 03:59:30 - [ROUTING] To: chandrikapureastha@gmail.com | College: Polytechnic College
2026-03-15 03:59:30 - --- Starting New Email Transaction to chandrikapureastha@gmail.com ---
2026-03-15 03:59:30 - S: 220 smtp.gmail.com ESMTP d9443c01a7336-2aece86b735sm84128205ad.92 - gsmtp
2026-03-15 03:59:30 - C: EHLO localhost
2026-03-15 03:59:30 - S: 250-smtp.gmail.com at your service, [2409:4090:2030:5a06:61fc:ec12:bf00:ac97]
250-SIZE 35882577
250-8BITMIME
250-STARTTLS
250-ENHANCEDSTATUSCODES
250-PIPELINING
250-CHUNKING
250 SMTPUTF8
2026-03-15 03:59:30 - C: STARTTLS
2026-03-15 03:59:31 - S: 220 2.0.0 Ready to start TLS
2026-03-15 03:59:32 - C: EHLO localhost
2026-03-15 03:59:32 - S: 250-smtp.gmail.com at your service, [2409:4090:2030:5a06:61fc:ec12:bf00:ac97]
250-SIZE 35882577
250-8BITMIME
250-AUTH LOGIN PLAIN XOAUTH2 PLAIN-CLIENTTOKEN OAUTHBEARER XOAUTH
250-ENHANCEDSTATUSCODES
250-PIPELINING
250-CHUNKING
250 SMTPUTF8
2026-03-15 03:59:32 - C: [REDACTED]
2026-03-15 03:59:32 - S: 334 VXNlcm5hbWU6
2026-03-15 03:59:32 - C: YXN0aGFjaGFuZHJpa2FwdXJlQGdtYWlsLmNvbQ==
2026-03-15 03:59:33 - S: 334 UGFzc3dvcmQ6
2026-03-15 03:59:33 - C: ZXpuamtweXB1Z3Fmcmdjcg==
2026-03-15 03:59:33 - S: 235 2.7.0 Accepted
2026-03-15 03:59:33 - C: MAIL FROM: <asthachandrikapure@gmail.com>
2026-03-15 03:59:33 - S: 250 2.1.0 OK d9443c01a7336-2aece86b735sm84128205ad.92 - gsmtp
2026-03-15 03:59:33 - C: RCPT TO: <chandrikapureastha@gmail.com>
2026-03-15 03:59:33 - S: 250 2.1.5 OK d9443c01a7336-2aece86b735sm84128205ad.92 - gsmtp
2026-03-15 03:59:33 - C: DATA
2026-03-15 03:59:34 - S: 354 Go ahead d9443c01a7336-2aece86b735sm84128205ad.92 - gsmtp
2026-03-15 03:59:34 - C: [REDACTED]
2026-03-15 03:59:34 - S: 250 2.0.0 OK  1773543574 d9443c01a7336-2aece86b735sm84128205ad.92 - gsmtp
2026-03-15 03:59:34 - C: QUIT
2026-03-15 03:59:35 - S: 221 2.0.0 closing connection d9443c01a7336-2aece86b735sm84128205ad.92 - gsmtp
2026-03-15 03:59:35 - --- Email Transaction Finished Successfully ---
2026-03-15 15:40:46 - [ROUTING] To: vaishnaviwagare417@gmail.com | Source: Hardcoded Constant | College: Engineering
2026-03-15 15:40:46 - --- Starting New Email Transaction to vaishnaviwagare417@gmail.com ---
2026-03-15 15:40:46 - S: 220 smtp.gmail.com ESMTP d2e1a72fcca58-82a073419a9sm11257225b3a.42 - gsmtp
2026-03-15 15:40:46 - C: EHLO localhost
2026-03-15 15:40:46 - S: 250-smtp.gmail.com at your service, [2409:4090:2030:5a06:ac06:6480:2452:8ed9]
250-SIZE 35882577
250-8BITMIME
250-STARTTLS
250-ENHANCEDSTATUSCODES
250-PIPELINING
250-CHUNKING
250 SMTPUTF8
2026-03-15 15:40:46 - C: STARTTLS
2026-03-15 15:40:47 - S: 220 2.0.0 Ready to start TLS
2026-03-15 15:40:48 - C: EHLO localhost
2026-03-15 15:40:48 - S: 250-smtp.gmail.com at your service, [2409:4090:2030:5a06:ac06:6480:2452:8ed9]
250-SIZE 35882577
250-8BITMIME
250-AUTH LOGIN PLAIN XOAUTH2 PLAIN-CLIENTTOKEN OAUTHBEARER XOAUTH
250-ENHANCEDSTATUSCODES
250-PIPELINING
250-CHUNKING
250 SMTPUTF8
2026-03-15 15:40:48 - C: [REDACTED]
2026-03-15 15:40:49 - S: 334 VXNlcm5hbWU6
2026-03-15 15:40:49 - C: YXN0aGFjaGFuZHJpa2FwdXJlQGdtYWlsLmNvbQ==
2026-03-15 15:40:50 - S: 334 UGFzc3dvcmQ6
2026-03-15 15:40:50 - C: ZXpuamtweXB1Z3Fmcmdjcg==
2026-03-15 15:40:50 - S: 235 2.7.0 Accepted
2026-03-15 15:40:50 - C: MAIL FROM: <asthachandrikapure@gmail.com>
2026-03-15 15:40:50 - S: 250 2.1.0 OK d2e1a72fcca58-82a073419a9sm11257225b3a.42 - gsmtp
2026-03-15 15:40:50 - C: RCPT TO: <vaishnaviwagare417@gmail.com>
2026-03-15 15:40:51 - S: 250 2.1.5 OK d2e1a72fcca58-82a073419a9sm11257225b3a.42 - gsmtp
2026-03-15 15:40:51 - C: DATA
2026-03-15 15:40:51 - S: 354 Go ahead d2e1a72fcca58-82a073419a9sm11257225b3a.42 - gsmtp
2026-03-15 15:40:51 - C: [REDACTED]
2026-03-15 15:40:52 - S: 250 2.0.0 OK  1773585652 d2e1a72fcca58-82a073419a9sm11257225b3a.42 - gsmtp
2026-03-15 15:40:52 - C: QUIT
2026-03-15 15:40:52 - S: 221 2.0.0 closing connection d2e1a72fcca58-82a073419a9sm11257225b3a.42 - gsmtp
2026-03-15 15:40:52 - --- Email Transaction Finished Successfully ---
2026-03-16 05:30:48 - [ROUTING] To: vidyaumrey@gmail.com | Source: DB (General Admin) | College: Polytechnic
2026-03-16 05:30:48 - --- Starting New Email Transaction to vidyaumrey@gmail.com ---
2026-03-16 05:30:48 - S: 220 smtp.gmail.com ESMTP d2e1a72fcca58-82a07340417sm12058213b3a.39 - gsmtp
2026-03-16 05:30:48 - C: EHLO localhost
2026-03-16 05:30:49 - S: 250-smtp.gmail.com at your service, [103.211.63.237]
250-SIZE 35882577
250-8BITMIME
250-STARTTLS
250-ENHANCEDSTATUSCODES
250-PIPELINING
250-CHUNKING
250 SMTPUTF8
2026-03-16 05:30:49 - C: STARTTLS
2026-03-16 05:30:49 - S: 220 2.0.0 Ready to start TLS
2026-03-16 05:30:50 - C: EHLO localhost
2026-03-16 05:30:50 - S: 250-smtp.gmail.com at your service, [103.211.63.237]
250-SIZE 35882577
250-8BITMIME
250-AUTH LOGIN PLAIN XOAUTH2 PLAIN-CLIENTTOKEN OAUTHBEARER XOAUTH
250-ENHANCEDSTATUSCODES
250-PIPELINING
250-CHUNKING
250 SMTPUTF8
2026-03-16 05:30:50 - C: [REDACTED]
2026-03-16 05:30:50 - S: 334 VXNlcm5hbWU6
2026-03-16 05:30:50 - C: YXN0aGFjaGFuZHJpa2FwdXJlQGdtYWlsLmNvbQ==
2026-03-16 05:30:51 - S: 334 UGFzc3dvcmQ6
2026-03-16 05:30:51 - C: ZXpuamtweXB1Z3Fmcmdjcg==
2026-03-16 05:30:51 - S: 235 2.7.0 Accepted
2026-03-16 05:30:51 - C: MAIL FROM: <asthachandrikapure@gmail.com>
2026-03-16 05:30:51 - S: 250 2.1.0 OK d2e1a72fcca58-82a07340417sm12058213b3a.39 - gsmtp
2026-03-16 05:30:51 - C: RCPT TO: <vidyaumrey@gmail.com>
2026-03-16 05:30:52 - S: 250 2.1.5 OK d2e1a72fcca58-82a07340417sm12058213b3a.39 - gsmtp
2026-03-16 05:30:52 - C: DATA
2026-03-16 05:30:52 - S: 354 Go ahead d2e1a72fcca58-82a07340417sm12058213b3a.39 - gsmtp
2026-03-16 05:30:52 - C: [REDACTED]
2026-03-16 05:30:53 - S: 250 2.0.0 OK  1773635453 d2e1a72fcca58-82a07340417sm12058213b3a.39 - gsmtp
2026-03-16 05:30:53 - C: QUIT
2026-03-16 05:30:53 - S: 221 2.0.0 closing connection d2e1a72fcca58-82a07340417sm12058213b3a.39 - gsmtp
2026-03-16 05:30:53 - --- Email Transaction Finished Successfully ---
2026-03-16 05:51:31 - [ROUTING] To: vidyaumrey@gmail.com | Source: DB (General Admin) | College: Polytechnic
2026-03-16 05:51:31 - --- Starting New Email Transaction to vidyaumrey@gmail.com ---
2026-03-16 05:51:32 - S: 220 smtp.gmail.com ESMTP d9443c01a7336-2aece56cde9sm108231255ad.15 - gsmtp
2026-03-16 05:51:32 - C: EHLO localhost
2026-03-16 05:51:32 - S: 250-smtp.gmail.com at your service, [103.211.63.237]
250-SIZE 35882577
250-8BITMIME
250-STARTTLS
250-ENHANCEDSTATUSCODES
250-PIPELINING
250-CHUNKING
250 SMTPUTF8
2026-03-16 05:51:32 - C: STARTTLS
2026-03-16 05:51:32 - S: 220 2.0.0 Ready to start TLS
2026-03-16 05:51:33 - C: EHLO localhost
2026-03-16 05:51:34 - S: 250-smtp.gmail.com at your service, [103.211.63.237]
250-SIZE 35882577
250-8BITMIME
250-AUTH LOGIN PLAIN XOAUTH2 PLAIN-CLIENTTOKEN OAUTHBEARER XOAUTH
250-ENHANCEDSTATUSCODES
250-PIPELINING
250-CHUNKING
250 SMTPUTF8
2026-03-16 05:51:34 - C: [REDACTED]
2026-03-16 05:51:34 - S: 334 VXNlcm5hbWU6
2026-03-16 05:51:34 - C: YXN0aGFjaGFuZHJpa2FwdXJlQGdtYWlsLmNvbQ==
2026-03-16 05:51:34 - S: 334 UGFzc3dvcmQ6
2026-03-16 05:51:34 - C: ZXpuamtweXB1Z3Fmcmdjcg==
2026-03-16 05:51:34 - S: 235 2.7.0 Accepted
2026-03-16 05:51:34 - C: MAIL FROM: <asthachandrikapure@gmail.com>
2026-03-16 05:51:35 - S: 250 2.1.0 OK d9443c01a7336-2aece56cde9sm108231255ad.15 - gsmtp
2026-03-16 05:51:35 - C: RCPT TO: <vidyaumrey@gmail.com>
2026-03-16 05:51:35 - S: 250 2.1.5 OK d9443c01a7336-2aece56cde9sm108231255ad.15 - gsmtp
2026-03-16 05:51:35 - C: DATA
2026-03-16 05:51:35 - S: 354 Go ahead d9443c01a7336-2aece56cde9sm108231255ad.15 - gsmtp
2026-03-16 05:51:35 - C: [REDACTED]
2026-03-16 05:51:36 - S: 250 2.0.0 OK  1773636696 d9443c01a7336-2aece56cde9sm108231255ad.15 - gsmtp
2026-03-16 05:51:36 - C: QUIT
2026-03-16 05:51:36 - S: 221 2.0.0 closing connection d9443c01a7336-2aece56cde9sm108231255ad.15 - gsmtp
2026-03-16 05:51:36 - --- Email Transaction Finished Successfully ---
2026-03-16 08:51:47 - [ROUTING] To: vaishnaviwagare417@gmail.com | Source: Hardcoded Constant | College: Engineering College
2026-03-16 08:51:47 - --- Starting New Email Transaction to vaishnaviwagare417@gmail.com ---
2026-03-16 08:51:49 - S: 220 smtp.gmail.com ESMTP d9443c01a7336-2b050656d13sm39083845ad.87 - gsmtp
2026-03-16 08:51:49 - C: EHLO localhost
2026-03-16 08:51:50 - S: 250-smtp.gmail.com at your service, [2409:4081:38c:1529:2c40:123b:7b3d:e373]
250-SIZE 35882577
250-8BITMIME
250-STARTTLS
250-ENHANCEDSTATUSCODES
250-PIPELINING
250-CHUNKING
250 SMTPUTF8
2026-03-16 08:51:50 - C: STARTTLS
2026-03-16 08:51:50 - S: 220 2.0.0 Ready to start TLS
2026-03-16 08:51:52 - C: EHLO localhost
2026-03-16 08:51:53 - S: 250-smtp.gmail.com at your service, [2409:4081:38c:1529:2c40:123b:7b3d:e373]
250-SIZE 35882577
250-8BITMIME
250-AUTH LOGIN PLAIN XOAUTH2 PLAIN-CLIENTTOKEN OAUTHBEARER XOAUTH
250-ENHANCEDSTATUSCODES
250-PIPELINING
250-CHUNKING
250 SMTPUTF8
2026-03-16 08:51:53 - C: [REDACTED]
2026-03-16 08:51:53 - S: 334 VXNlcm5hbWU6
2026-03-16 08:51:53 - C: YXN0aGFjaGFuZHJpa2FwdXJlQGdtYWlsLmNvbQ==
2026-03-16 08:51:53 - S: 334 UGFzc3dvcmQ6
2026-03-16 08:51:53 - C: ZXpuamtweXB1Z3Fmcmdjcg==
2026-03-16 08:51:54 - S: 235 2.7.0 Accepted
2026-03-16 08:51:54 - C: MAIL FROM: <asthachandrikapure@gmail.com>
2026-03-16 08:51:55 - S: 250 2.1.0 OK d9443c01a7336-2b050656d13sm39083845ad.87 - gsmtp
2026-03-16 08:51:55 - C: RCPT TO: <vaishnaviwagare417@gmail.com>
2026-03-16 08:51:55 - S: 250 2.1.5 OK d9443c01a7336-2b050656d13sm39083845ad.87 - gsmtp
2026-03-16 08:51:55 - C: DATA
2026-03-16 08:51:56 - S: 354 Go ahead d9443c01a7336-2b050656d13sm39083845ad.87 - gsmtp
2026-03-16 08:51:56 - C: [REDACTED]
2026-03-16 08:51:57 - S: 250 2.0.0 OK  1773647516 d9443c01a7336-2b050656d13sm39083845ad.87 - gsmtp
2026-03-16 08:51:57 - C: QUIT
2026-03-16 08:51:57 - S: 221 2.0.0 closing connection d9443c01a7336-2b050656d13sm39083845ad.87 - gsmtp
2026-03-16 08:51:57 - --- Email Transaction Finished Successfully ---
2026-03-16 08:53:38 - [ROUTING] To: divyalande@gmail.com | Source: DB (General Admin) | College: Engineering
2026-03-16 08:53:38 - --- Starting New Email Transaction to divyalande@gmail.com ---
2026-03-16 08:53:38 - S: 220 smtp.gmail.com ESMTP d9443c01a7336-2aece7ee1e3sm105200865ad.44 - gsmtp
2026-03-16 08:53:38 - C: EHLO localhost
2026-03-16 08:53:39 - S: 250-smtp.gmail.com at your service, [2409:4081:38c:1529:2c40:123b:7b3d:e373]
250-SIZE 35882577
250-8BITMIME
250-STARTTLS
250-ENHANCEDSTATUSCODES
250-PIPELINING
250-CHUNKING
250 SMTPUTF8
2026-03-16 08:53:39 - C: STARTTLS
2026-03-16 08:53:39 - S: 220 2.0.0 Ready to start TLS
2026-03-16 08:53:40 - C: EHLO localhost
2026-03-16 08:53:41 - S: 250-smtp.gmail.com at your service, [2409:4081:38c:1529:2c40:123b:7b3d:e373]
250-SIZE 35882577
250-8BITMIME
250-AUTH LOGIN PLAIN XOAUTH2 PLAIN-CLIENTTOKEN OAUTHBEARER XOAUTH
250-ENHANCEDSTATUSCODES
250-PIPELINING
250-CHUNKING
250 SMTPUTF8
2026-03-16 08:53:41 - C: [REDACTED]
2026-03-16 08:53:41 - S: 334 VXNlcm5hbWU6
2026-03-16 08:53:41 - C: YXN0aGFjaGFuZHJpa2FwdXJlQGdtYWlsLmNvbQ==
2026-03-16 08:53:41 - S: 334 UGFzc3dvcmQ6
2026-03-16 08:53:41 - C: ZXpuamtweXB1Z3Fmcmdjcg==
2026-03-16 08:53:42 - S: 235 2.7.0 Accepted
2026-03-16 08:53:42 - C: MAIL FROM: <asthachandrikapure@gmail.com>
2026-03-16 08:53:42 - S: 250 2.1.0 OK d9443c01a7336-2aece7ee1e3sm105200865ad.44 - gsmtp
2026-03-16 08:53:42 - C: RCPT TO: <divyalande@gmail.com>
2026-03-16 08:53:43 - S: 250 2.1.5 OK d9443c01a7336-2aece7ee1e3sm105200865ad.44 - gsmtp
2026-03-16 08:53:43 - C: DATA
2026-03-16 08:53:43 - S: 354 Go ahead d9443c01a7336-2aece7ee1e3sm105200865ad.44 - gsmtp
2026-03-16 08:53:43 - C: [REDACTED]
2026-03-16 08:53:44 - S: 250 2.0.0 OK  1773647624 d9443c01a7336-2aece7ee1e3sm105200865ad.44 - gsmtp
2026-03-16 08:53:44 - C: QUIT
2026-03-16 08:53:44 - S: 221 2.0.0 closing connection d9443c01a7336-2aece7ee1e3sm105200865ad.44 - gsmtp
2026-03-16 08:53:44 - --- Email Transaction Finished Successfully ---
2026-03-16 09:28:52 - [ROUTING] To: vaishnaviwagare417@gmail.com | Source: Hardcoded Constant | College: Engineering College
2026-03-16 09:28:52 - --- Starting New Email Transaction to vaishnaviwagare417@gmail.com ---
2026-03-16 09:28:53 - S: 220 smtp.gmail.com ESMTP 41be03b00d2f7-c73ebb6336bsm9346482a12.21 - gsmtp
2026-03-16 09:28:53 - C: EHLO localhost
2026-03-16 09:28:54 - S: 250-smtp.gmail.com at your service, [2409:4081:38c:1529:2c40:123b:7b3d:e373]
250-SIZE 35882577
250-8BITMIME
250-STARTTLS
250-ENHANCEDSTATUSCODES
250-PIPELINING
250-CHUNKING
250 SMTPUTF8
2026-03-16 09:28:54 - C: STARTTLS
2026-03-16 09:28:54 - S: 220 2.0.0 Ready to start TLS
2026-03-16 09:28:59 - C: EHLO localhost
2026-03-16 09:29:00 - S: 250-smtp.gmail.com at your service, [2409:4081:38c:1529:2c40:123b:7b3d:e373]
250-SIZE 35882577
250-8BITMIME
250-AUTH LOGIN PLAIN XOAUTH2 PLAIN-CLIENTTOKEN OAUTHBEARER XOAUTH
250-ENHANCEDSTATUSCODES
250-PIPELINING
250-CHUNKING
250 SMTPUTF8
2026-03-16 09:29:00 - C: [REDACTED]
2026-03-16 09:29:00 - S: 334 VXNlcm5hbWU6
2026-03-16 09:29:00 - C: YXN0aGFjaGFuZHJpa2FwdXJlQGdtYWlsLmNvbQ==
2026-03-16 09:29:01 - S: 334 UGFzc3dvcmQ6
2026-03-16 09:29:01 - C: ZXpuamtweXB1Z3Fmcmdjcg==
2026-03-16 09:29:01 - S: 235 2.7.0 Accepted
2026-03-16 09:29:01 - C: MAIL FROM: <asthachandrikapure@gmail.com>
2026-03-16 09:29:02 - S: 250 2.1.0 OK 41be03b00d2f7-c73ebb6336bsm9346482a12.21 - gsmtp
2026-03-16 09:29:02 - C: RCPT TO: <vaishnaviwagare417@gmail.com>
2026-03-16 09:29:02 - S: 250 2.1.5 OK 41be03b00d2f7-c73ebb6336bsm9346482a12.21 - gsmtp
2026-03-16 09:29:02 - C: DATA
2026-03-16 09:29:03 - S: 354 Go ahead 41be03b00d2f7-c73ebb6336bsm9346482a12.21 - gsmtp
2026-03-16 09:29:03 - C: [REDACTED]
2026-03-16 09:29:04 - S: 250 2.0.0 OK  1773649744 41be03b00d2f7-c73ebb6336bsm9346482a12.21 - gsmtp
2026-03-16 09:29:04 - C: QUIT
2026-03-16 09:29:04 - S: 221 2.0.0 closing connection 41be03b00d2f7-c73ebb6336bsm9346482a12.21 - gsmtp
2026-03-16 09:29:04 - --- Email Transaction Finished Successfully ---
2026-03-26 16:35:40 - --- Starting New Email Transaction to management@nit.edu ---
2026-03-26 16:35:40 - S: 220 smtp.gmail.com ESMTP d9443c01a7336-2b0bc8ebfb5sm34396995ad.68 - gsmtp
2026-03-26 16:35:40 - C: EHLO localhost
2026-03-26 16:35:41 - S: 250-smtp.gmail.com at your service, [2409:4090:2030:5a06:6d71:eb95:6aa1:5229]
250-SIZE 35882577
250-8BITMIME
250-STARTTLS
250-ENHANCEDSTATUSCODES
250-PIPELINING
250-CHUNKING
250 SMTPUTF8
2026-03-26 16:35:41 - C: STARTTLS
2026-03-26 16:35:41 - S: 220 2.0.0 Ready to start TLS
2026-03-26 16:35:47 - C: EHLO localhost
2026-03-26 16:35:48 - S: 250-smtp.gmail.com at your service, [2409:4090:2030:5a06:6d71:eb95:6aa1:5229]
250-SIZE 35882577
250-8BITMIME
250-AUTH LOGIN PLAIN XOAUTH2 PLAIN-CLIENTTOKEN OAUTHBEARER XOAUTH
250-ENHANCEDSTATUSCODES
250-PIPELINING
250-CHUNKING
250 SMTPUTF8
2026-03-26 16:35:48 - C: [REDACTED]
2026-03-26 16:35:48 - S: 334 VXNlcm5hbWU6
2026-03-26 16:35:48 - C: YXN0aGFjaGFuZHJpa2FwdXJlQGdtYWlsLmNvbQ==
2026-03-26 16:35:48 - S: 334 UGFzc3dvcmQ6
2026-03-26 16:35:48 - C: ZXpuamtweXB1Z3Fmcmdjcg==
2026-03-26 16:35:49 - S: 235 2.7.0 Accepted
2026-03-26 16:35:49 - C: MAIL FROM: <asthachandrikapure@gmail.com>
2026-03-26 16:35:49 - S: 250 2.1.0 OK d9443c01a7336-2b0bc8ebfb5sm34396995ad.68 - gsmtp
2026-03-26 16:35:49 - C: RCPT TO: <management@nit.edu>
2026-03-26 16:35:49 - S: 250 2.1.5 OK d9443c01a7336-2b0bc8ebfb5sm34396995ad.68 - gsmtp
2026-03-26 16:35:49 - C: DATA
2026-03-26 16:35:50 - S: 354 Go ahead d9443c01a7336-2b0bc8ebfb5sm34396995ad.68 - gsmtp
2026-03-26 16:35:50 - C: [REDACTED]
2026-03-26 16:35:51 - S: 250 2.0.0 OK  1774539352 d9443c01a7336-2b0bc8ebfb5sm34396995ad.68 - gsmtp
2026-03-26 16:35:51 - C: QUIT
2026-03-26 16:35:51 - S: 221 2.0.0 closing connection d9443c01a7336-2b0bc8ebfb5sm34396995ad.68 - gsmtp
2026-03-26 16:35:51 - --- Email Transaction Finished Successfully ---
2026-03-26 16:35:51 - --- Starting New Email Transaction to management@nit.edu ---
2026-03-26 16:35:51 - S: 220 smtp.gmail.com ESMTP 98e67ed59e1d1-35c1e248ac4sm934975a91.4 - gsmtp
2026-03-26 16:35:51 - C: EHLO localhost
2026-03-26 16:35:52 - S: 250-smtp.gmail.com at your service, [2409:4090:2030:5a06:6d71:eb95:6aa1:5229]
250-SIZE 35882577
250-8BITMIME
250-STARTTLS
250-ENHANCEDSTATUSCODES
250-PIPELINING
250-CHUNKING
250 SMTPUTF8
2026-03-26 16:35:52 - C: STARTTLS
2026-03-26 16:35:52 - S: 220 2.0.0 Ready to start TLS
2026-03-26 16:35:55 - C: EHLO localhost
2026-03-26 16:35:55 - S: 250-smtp.gmail.com at your service, [2409:4090:2030:5a06:6d71:eb95:6aa1:5229]
250-SIZE 35882577
250-8BITMIME
250-AUTH LOGIN PLAIN XOAUTH2 PLAIN-CLIENTTOKEN OAUTHBEARER XOAUTH
250-ENHANCEDSTATUSCODES
250-PIPELINING
250-CHUNKING
250 SMTPUTF8
2026-03-26 16:35:55 - C: [REDACTED]
2026-03-26 16:35:55 - S: 334 VXNlcm5hbWU6
2026-03-26 16:35:55 - C: YXN0aGFjaGFuZHJpa2FwdXJlQGdtYWlsLmNvbQ==
2026-03-26 16:35:55 - S: 334 UGFzc3dvcmQ6
2026-03-26 16:35:55 - C: ZXpuamtweXB1Z3Fmcmdjcg==
2026-03-26 16:35:56 - S: 235 2.7.0 Accepted
2026-03-26 16:35:56 - C: MAIL FROM: <asthachandrikapure@gmail.com>
2026-03-26 16:35:56 - S: 250 2.1.0 OK 98e67ed59e1d1-35c1e248ac4sm934975a91.4 - gsmtp
2026-03-26 16:35:56 - C: RCPT TO: <management@nit.edu>
2026-03-26 16:35:56 - S: 250 2.1.5 OK 98e67ed59e1d1-35c1e248ac4sm934975a91.4 - gsmtp
2026-03-26 16:35:56 - C: DATA
2026-03-26 16:35:57 - S: 354 Go ahead 98e67ed59e1d1-35c1e248ac4sm934975a91.4 - gsmtp
2026-03-26 16:35:57 - C: [REDACTED]
2026-03-26 16:35:57 - S: 250 2.0.0 OK  1774539358 98e67ed59e1d1-35c1e248ac4sm934975a91.4 - gsmtp
2026-03-26 16:35:57 - C: QUIT
2026-03-26 16:35:58 - S: 221 2.0.0 closing connection 98e67ed59e1d1-35c1e248ac4sm934975a91.4 - gsmtp
2026-03-26 16:35:58 - --- Email Transaction Finished Successfully ---
2026-03-26 16:35:58 - --- Starting New Email Transaction to management@nit.edu ---
2026-03-26 16:35:58 - S: 220 smtp.gmail.com ESMTP 41be03b00d2f7-c7673819da1sm2878380a12.11 - gsmtp
2026-03-26 16:35:58 - C: EHLO localhost
2026-03-26 16:35:58 - S: 250-smtp.gmail.com at your service, [2409:4090:2030:5a06:6d71:eb95:6aa1:5229]
250-SIZE 35882577
250-8BITMIME
250-STARTTLS
250-ENHANCEDSTATUSCODES
250-PIPELINING
250-CHUNKING
250 SMTPUTF8
2026-03-26 16:35:58 - C: STARTTLS
2026-03-26 16:35:58 - S: 220 2.0.0 Ready to start TLS
2026-03-26 16:36:01 - C: EHLO localhost
2026-03-26 16:36:01 - S: 250-smtp.gmail.com at your service, [2409:4090:2030:5a06:6d71:eb95:6aa1:5229]
250-SIZE 35882577
250-8BITMIME
250-AUTH LOGIN PLAIN XOAUTH2 PLAIN-CLIENTTOKEN OAUTHBEARER XOAUTH
250-ENHANCEDSTATUSCODES
250-PIPELINING
250-CHUNKING
250 SMTPUTF8
2026-03-26 16:36:01 - C: [REDACTED]
2026-03-26 16:36:01 - S: 334 VXNlcm5hbWU6
2026-03-26 16:36:01 - C: YXN0aGFjaGFuZHJpa2FwdXJlQGdtYWlsLmNvbQ==
2026-03-26 16:36:01 - S: 334 UGFzc3dvcmQ6
2026-03-26 16:36:01 - C: ZXpuamtweXB1Z3Fmcmdjcg==
2026-03-26 16:36:02 - S: 235 2.7.0 Accepted
2026-03-26 16:36:02 - C: MAIL FROM: <asthachandrikapure@gmail.com>
2026-03-26 16:36:03 - S: 250 2.1.0 OK 41be03b00d2f7-c7673819da1sm2878380a12.11 - gsmtp
2026-03-26 16:36:03 - C: RCPT TO: <management@nit.edu>
2026-03-26 16:36:03 - S: 250 2.1.5 OK 41be03b00d2f7-c7673819da1sm2878380a12.11 - gsmtp
2026-03-26 16:36:03 - C: DATA
2026-03-26 16:36:03 - S: 354 Go ahead 41be03b00d2f7-c7673819da1sm2878380a12.11 - gsmtp
2026-03-26 16:36:03 - C: [REDACTED]
2026-03-26 16:36:04 - S: 250 2.0.0 OK  1774539365 41be03b00d2f7-c7673819da1sm2878380a12.11 - gsmtp
2026-03-26 16:36:04 - C: QUIT
2026-03-26 16:36:04 - S: 221 2.0.0 closing connection 41be03b00d2f7-c7673819da1sm2878380a12.11 - gsmtp
2026-03-26 16:36:04 - --- Email Transaction Finished Successfully ---
2026-03-26 16:36:04 - --- Starting New Email Transaction to management@nit.edu ---
2026-03-26 16:36:04 - S: 220 smtp.gmail.com ESMTP d9443c01a7336-2b0bc7a9deesm32777895ad.28 - gsmtp
2026-03-26 16:36:04 - C: EHLO localhost
2026-03-26 16:36:05 - S: 250-smtp.gmail.com at your service, [2409:4090:2030:5a06:6d71:eb95:6aa1:5229]
250-SIZE 35882577
250-8BITMIME
250-STARTTLS
250-ENHANCEDSTATUSCODES
250-PIPELINING
250-CHUNKING
250 SMTPUTF8
2026-03-26 16:36:05 - C: STARTTLS
2026-03-26 16:36:05 - S: 220 2.0.0 Ready to start TLS
2026-03-26 16:36:06 - C: EHLO localhost
2026-03-26 16:36:06 - S: 250-smtp.gmail.com at your service, [2409:4090:2030:5a06:6d71:eb95:6aa1:5229]
250-SIZE 35882577
250-8BITMIME
250-AUTH LOGIN PLAIN XOAUTH2 PLAIN-CLIENTTOKEN OAUTHBEARER XOAUTH
250-ENHANCEDSTATUSCODES
250-PIPELINING
250-CHUNKING
250 SMTPUTF8
2026-03-26 16:36:06 - C: [REDACTED]
2026-03-26 16:36:07 - S: 334 VXNlcm5hbWU6
2026-03-26 16:36:07 - C: YXN0aGFjaGFuZHJpa2FwdXJlQGdtYWlsLmNvbQ==
2026-03-26 16:36:07 - S: 334 UGFzc3dvcmQ6
2026-03-26 16:36:07 - C: ZXpuamtweXB1Z3Fmcmdjcg==
2026-03-26 16:36:07 - S: 235 2.7.0 Accepted
2026-03-26 16:36:07 - C: MAIL FROM: <asthachandrikapure@gmail.com>
2026-03-26 16:36:07 - S: 250 2.1.0 OK d9443c01a7336-2b0bc7a9deesm32777895ad.28 - gsmtp
2026-03-26 16:36:07 - C: RCPT TO: <management@nit.edu>
2026-03-26 16:36:08 - S: 250 2.1.5 OK d9443c01a7336-2b0bc7a9deesm32777895ad.28 - gsmtp
2026-03-26 16:36:08 - C: DATA
2026-03-26 16:36:08 - S: 354 Go ahead d9443c01a7336-2b0bc7a9deesm32777895ad.28 - gsmtp
2026-03-26 16:36:08 - C: [REDACTED]
2026-03-26 16:36:09 - S: 250 2.0.0 OK  1774539370 d9443c01a7336-2b0bc7a9deesm32777895ad.28 - gsmtp
2026-03-26 16:36:09 - C: QUIT
2026-03-26 16:36:09 - S: 221 2.0.0 closing connection d9443c01a7336-2b0bc7a9deesm32777895ad.28 - gsmtp
2026-03-26 16:36:09 - --- Email Transaction Finished Successfully ---
2026-03-26 16:37:11 - --- Starting New Email Transaction to management@nit.edu ---
2026-03-26 16:37:11 - S: 220 smtp.gmail.com ESMTP 98e67ed59e1d1-35c22a4c9fdsm2831135a91.2 - gsmtp
2026-03-26 16:37:11 - C: EHLO localhost
2026-03-26 16:37:12 - S: 250-smtp.gmail.com at your service, [2409:4090:2030:5a06:6d71:eb95:6aa1:5229]
250-SIZE 35882577
250-8BITMIME
250-STARTTLS
250-ENHANCEDSTATUSCODES
250-PIPELINING
250-CHUNKING
250 SMTPUTF8
2026-03-26 16:37:12 - C: STARTTLS
2026-03-26 16:37:12 - S: 220 2.0.0 Ready to start TLS
2026-03-26 16:37:14 - C: EHLO localhost
2026-03-26 16:37:14 - S: 250-smtp.gmail.com at your service, [2409:4090:2030:5a06:6d71:eb95:6aa1:5229]
250-SIZE 35882577
250-8BITMIME
250-AUTH LOGIN PLAIN XOAUTH2 PLAIN-CLIENTTOKEN OAUTHBEARER XOAUTH
250-ENHANCEDSTATUSCODES
250-PIPELINING
250-CHUNKING
250 SMTPUTF8
2026-03-26 16:37:14 - C: [REDACTED]
2026-03-26 16:37:15 - S: 334 VXNlcm5hbWU6
2026-03-26 16:37:15 - C: YXN0aGFjaGFuZHJpa2FwdXJlQGdtYWlsLmNvbQ==
2026-03-26 16:37:15 - S: 334 UGFzc3dvcmQ6
2026-03-26 16:37:15 - C: ZXpuamtweXB1Z3Fmcmdjcg==
2026-03-26 16:37:15 - S: 235 2.7.0 Accepted
2026-03-26 16:37:15 - C: MAIL FROM: <asthachandrikapure@gmail.com>
2026-03-26 16:37:16 - S: 250 2.1.0 OK 98e67ed59e1d1-35c22a4c9fdsm2831135a91.2 - gsmtp
2026-03-26 16:37:16 - C: RCPT TO: <management@nit.edu>
2026-03-26 16:37:16 - S: 250 2.1.5 OK 98e67ed59e1d1-35c22a4c9fdsm2831135a91.2 - gsmtp
2026-03-26 16:37:16 - C: DATA
2026-03-26 16:37:16 - S: 354 Go ahead 98e67ed59e1d1-35c22a4c9fdsm2831135a91.2 - gsmtp
2026-03-26 16:37:16 - C: [REDACTED]
2026-03-26 16:37:17 - S: 250 2.0.0 OK  1774539438 98e67ed59e1d1-35c22a4c9fdsm2831135a91.2 - gsmtp
2026-03-26 16:37:17 - C: QUIT
2026-03-26 16:37:17 - S: 221 2.0.0 closing connection 98e67ed59e1d1-35c22a4c9fdsm2831135a91.2 - gsmtp
2026-03-26 16:37:17 - --- Email Transaction Finished Successfully ---
2026-04-16 09:43:57 - [ROUTING] To: vaishnaviwagare417@gmail.com | Source: Hardcoded Constant | College: Engineering College
2026-04-16 09:43:57 - --- Starting New Email Transaction to vaishnaviwagare417@gmail.com ---
2026-04-16 09:44:01 - S: 220 smtp.gmail.com ESMTP ffacd0b85a97d-43ead35bf1esm11843269f8f.16 - gsmtp
2026-04-16 09:44:01 - C: EHLO localhost
2026-04-16 09:44:01 - S: 250-smtp.gmail.com at your service, [2409:40c2:1a:2082:827:87dc:7c36:8536]
250-SIZE 35882577
250-8BITMIME
250-STARTTLS
250-ENHANCEDSTATUSCODES
250-PIPELINING
250-CHUNKING
250 SMTPUTF8
2026-04-16 09:44:01 - C: STARTTLS
2026-04-16 09:44:02 - S: 220 2.0.0 Ready to start TLS
2026-04-16 09:44:03 - C: EHLO localhost
2026-04-16 09:44:04 - S: 250-smtp.gmail.com at your service, [2409:40c2:1a:2082:827:87dc:7c36:8536]
250-SIZE 35882577
250-8BITMIME
250-AUTH LOGIN PLAIN XOAUTH2 PLAIN-CLIENTTOKEN OAUTHBEARER XOAUTH
250-ENHANCEDSTATUSCODES
250-PIPELINING
250-CHUNKING
250 SMTPUTF8
2026-04-16 09:44:04 - C: [REDACTED]
2026-04-16 09:44:05 - S: 334 VXNlcm5hbWU6
2026-04-16 09:44:05 - C: YXN0aGFjaGFuZHJpa2FwdXJlQGdtYWlsLmNvbQ==
2026-04-16 09:44:05 - S: 334 UGFzc3dvcmQ6
2026-04-16 09:44:05 - C: ZXpuamtweXB1Z3Fmcmdjcg==
2026-04-16 09:44:06 - S: 235 2.7.0 Accepted
2026-04-16 09:44:06 - C: MAIL FROM: <asthachandrikapure@gmail.com>
2026-04-16 09:44:07 - S: 250 2.1.0 OK ffacd0b85a97d-43ead35bf1esm11843269f8f.16 - gsmtp
2026-04-16 09:44:07 - C: RCPT TO: <vaishnaviwagare417@gmail.com>
2026-04-16 09:44:08 - S: 250 2.1.5 OK ffacd0b85a97d-43ead35bf1esm11843269f8f.16 - gsmtp
2026-04-16 09:44:08 - C: DATA
2026-04-16 09:44:09 - S: 354 Go ahead ffacd0b85a97d-43ead35bf1esm11843269f8f.16 - gsmtp
2026-04-16 09:44:09 - C: [REDACTED]
2026-04-16 09:44:10 - S: 250 2.0.0 OK  1776325451 ffacd0b85a97d-43ead35bf1esm11843269f8f.16 - gsmtp
2026-04-16 09:44:10 - C: QUIT
2026-04-16 09:44:11 - S: 221 2.0.0 closing connection ffacd0b85a97d-43ead35bf1esm11843269f8f.16 - gsmtp
2026-04-16 09:44:11 - --- Email Transaction Finished Successfully ---
